2017-06-12 17:42:36.103 ERROR 7320 --- [main] o.s.b.c.l.LoggingApplicationListener     : Cannot set level:  for 'org.springframework'
2017-06-12 17:42:36.444  INFO 7320 --- [main] com.ehs.mihonline.MihBatchApplication    : Starting MihBatchApplication on DPH-HCQ-WYXCBY1 with PID 7320 (C:\Users\vsubramaniyan\Documents\workspace-sts-3.8.2.RELEASE\MIHBatch\target\classes started by vsubramaniyan in C:\Users\vsubramaniyan\Documents\workspace-sts-3.8.2.RELEASE\MIHBatch)
2017-06-12 17:42:36.444  INFO 7320 --- [main] com.ehs.mihonline.MihBatchApplication    : No active profile set, falling back to default profiles: default
2017-06-12 17:42:36.626  INFO 7320 --- [main] s.c.a.AnnotationConfigApplicationContext : Refreshing org.springframework.context.annotation.AnnotationConfigApplicationContext@568ff82: startup date [Mon Jun 12 17:42:36 EDT 2017]; root of context hierarchy
2017-06-12 17:42:40.467  INFO 7320 --- [main] com.zaxxer.hikari.HikariDataSource       : HikariPool-1 - Starting...
2017-06-12 17:42:41.944  INFO 7320 --- [main] com.zaxxer.hikari.pool.PoolBase          : HikariPool-1 - Driver does not support get/set network timeout for connections. (This operation is not supported.)
2017-06-12 17:42:42.035  INFO 7320 --- [main] com.zaxxer.hikari.HikariDataSource       : HikariPool-1 - Start completed.
2017-06-12 17:42:42.289  INFO 7320 --- [main] j.LocalContainerEntityManagerFactoryBean : Building JPA container EntityManagerFactory for persistence unit 'default'
2017-06-12 17:42:42.369  INFO 7320 --- [main] o.hibernate.jpa.internal.util.LogHelper  : HHH000204: Processing PersistenceUnitInfo [
	name: default
	...]
2017-06-12 17:42:42.611  INFO 7320 --- [main] org.hibernate.Version                    : HHH000412: Hibernate Core {5.2.10.Final}
2017-06-12 17:42:42.621  INFO 7320 --- [main] org.hibernate.cfg.Environment            : HHH000206: hibernate.properties not found
2017-06-12 17:42:42.883  INFO 7320 --- [main] o.hibernate.annotations.common.Version   : HCANN000001: Hibernate Commons Annotations {5.0.1.Final}
2017-06-12 17:42:43.397  INFO 7320 --- [main] org.hibernate.dialect.Dialect            : HHH000400: Using dialect: org.hibernate.dialect.SQLServer2012Dialect
2017-06-12 17:42:44.596  INFO 7320 --- [main] j.LocalContainerEntityManagerFactoryBean : Initialized JPA EntityManagerFactory for persistence unit 'default'
2017-06-12 17:42:46.289  INFO 7320 --- [main] o.s.j.e.a.AnnotationMBeanExporter        : Registering beans for JMX exposure on startup
2017-06-12 17:42:46.291  INFO 7320 --- [main] o.s.j.e.a.AnnotationMBeanExporter        : Bean with name 'dataSource' has been autodetected for JMX exposure
2017-06-12 17:42:46.299  INFO 7320 --- [main] o.s.j.e.a.AnnotationMBeanExporter        : Located MBean 'dataSource': registering with JMX server as MBean [com.zaxxer.hikari:name=dataSource,type=HikariDataSource]
2017-06-12 17:42:47.285  INFO 7320 --- [main] o.h.h.i.QueryTranslatorFactoryInitiator  : HHH000397: Using ASTQueryTranslatorFactory
2017-06-12 17:42:49.344  INFO 7320 --- [main] com.ehs.mihonline.MihBatchApplication    : Started MihBatchApplication in 14.343 seconds (JVM running for 19.784)
2017-06-12 17:42:49.344  INFO 7320 --- [Thread-5] s.c.a.AnnotationConfigApplicationContext : Closing org.springframework.context.annotation.AnnotationConfigApplicationContext@568ff82: startup date [Mon Jun 12 17:42:36 EDT 2017]; root of context hierarchy
2017-06-12 17:42:49.345  INFO 7320 --- [Thread-5] o.s.j.e.a.AnnotationMBeanExporter        : Unregistering JMX-exposed beans on shutdown
2017-06-12 17:42:49.345  INFO 7320 --- [Thread-5] o.s.j.e.a.AnnotationMBeanExporter        : Unregistering JMX-exposed beans
2017-06-12 17:42:49.365  INFO 7320 --- [Thread-5] j.LocalContainerEntityManagerFactoryBean : Closing JPA EntityManagerFactory for persistence unit 'default'
2017-06-12 17:42:49.365  INFO 7320 --- [Thread-5] com.zaxxer.hikari.HikariDataSource       : HikariPool-1 - Shutdown initiated...
2017-06-12 17:42:49.385  INFO 7320 --- [Thread-5] com.zaxxer.hikari.HikariDataSource       : HikariPool-1 - Shutdown completed.
2017-06-12 17:45:08.942 ERROR 1092 --- [main] o.s.b.c.l.LoggingApplicationListener     : Cannot set level:  for 'org.springframework'
2017-06-12 17:45:09.042  INFO 1092 --- [main] com.ehs.mihonline.MihBatchApplication    : Starting MihBatchApplication on DPH-HCQ-WYXCBY1 with PID 1092 (C:\Users\vsubramaniyan\Documents\workspace-sts-3.8.2.RELEASE\MIHBatch\target\classes started by vsubramaniyan in C:\Users\vsubramaniyan\Documents\workspace-sts-3.8.2.RELEASE\MIHBatch)
2017-06-12 17:45:09.042  INFO 1092 --- [main] com.ehs.mihonline.MihBatchApplication    : No active profile set, falling back to default profiles: default
2017-06-12 17:45:09.114  INFO 1092 --- [main] s.c.a.AnnotationConfigApplicationContext : Refreshing org.springframework.context.annotation.AnnotationConfigApplicationContext@568ff82: startup date [Mon Jun 12 17:45:09 EDT 2017]; root of context hierarchy
2017-06-12 17:45:10.932  INFO 1092 --- [main] com.zaxxer.hikari.HikariDataSource       : HikariPool-1 - Starting...
2017-06-12 17:45:11.411  INFO 1092 --- [main] com.zaxxer.hikari.pool.PoolBase          : HikariPool-1 - Driver does not support get/set network timeout for connections. (This operation is not supported.)
2017-06-12 17:45:11.471  INFO 1092 --- [main] com.zaxxer.hikari.HikariDataSource       : HikariPool-1 - Start completed.
2017-06-12 17:45:11.541  INFO 1092 --- [main] j.LocalContainerEntityManagerFactoryBean : Building JPA container EntityManagerFactory for persistence unit 'default'
2017-06-12 17:45:11.564  INFO 1092 --- [main] o.hibernate.jpa.internal.util.LogHelper  : HHH000204: Processing PersistenceUnitInfo [
	name: default
	...]
2017-06-12 17:45:11.672  INFO 1092 --- [main] org.hibernate.Version                    : HHH000412: Hibernate Core {5.2.10.Final}
2017-06-12 17:45:11.673  INFO 1092 --- [main] org.hibernate.cfg.Environment            : HHH000206: hibernate.properties not found
2017-06-12 17:45:11.719  INFO 1092 --- [main] o.hibernate.annotations.common.Version   : HCANN000001: Hibernate Commons Annotations {5.0.1.Final}
2017-06-12 17:45:11.874  INFO 1092 --- [main] org.hibernate.dialect.Dialect            : HHH000400: Using dialect: org.hibernate.dialect.SQLServer2012Dialect
2017-06-12 17:45:12.893  INFO 1092 --- [main] j.LocalContainerEntityManagerFactoryBean : Initialized JPA EntityManagerFactory for persistence unit 'default'
2017-06-12 17:45:14.002  INFO 1092 --- [main] o.s.j.e.a.AnnotationMBeanExporter        : Registering beans for JMX exposure on startup
2017-06-12 17:45:14.003  INFO 1092 --- [main] o.s.j.e.a.AnnotationMBeanExporter        : Bean with name 'dataSource' has been autodetected for JMX exposure
2017-06-12 17:45:14.011  INFO 1092 --- [main] o.s.j.e.a.AnnotationMBeanExporter        : Located MBean 'dataSource': registering with JMX server as MBean [com.zaxxer.hikari:name=dataSource,type=HikariDataSource]
2017-06-12 17:45:14.895  INFO 1092 --- [main] o.h.h.i.QueryTranslatorFactoryInitiator  : HHH000397: Using ASTQueryTranslatorFactory
2017-06-12 17:45:15.272  INFO 1092 --- [main] com.ehs.mihonline.MihBatchApplication    : Started MihBatchApplication in 6.801 seconds (JVM running for 7.403)
2017-06-12 17:45:15.272  INFO 1092 --- [Thread-4] s.c.a.AnnotationConfigApplicationContext : Closing org.springframework.context.annotation.AnnotationConfigApplicationContext@568ff82: startup date [Mon Jun 12 17:45:09 EDT 2017]; root of context hierarchy
2017-06-12 17:45:15.292  INFO 1092 --- [Thread-4] o.s.j.e.a.AnnotationMBeanExporter        : Unregistering JMX-exposed beans on shutdown
2017-06-12 17:45:15.292  INFO 1092 --- [Thread-4] o.s.j.e.a.AnnotationMBeanExporter        : Unregistering JMX-exposed beans
2017-06-12 17:45:15.292  INFO 1092 --- [Thread-4] j.LocalContainerEntityManagerFactoryBean : Closing JPA EntityManagerFactory for persistence unit 'default'
2017-06-12 17:45:15.292  INFO 1092 --- [Thread-4] com.zaxxer.hikari.HikariDataSource       : HikariPool-1 - Shutdown initiated...
2017-06-12 17:45:15.302  INFO 1092 --- [Thread-4] com.zaxxer.hikari.HikariDataSource       : HikariPool-1 - Shutdown completed.
2017-06-12 17:50:05.921 ERROR 6796 --- [main] o.s.b.c.l.LoggingApplicationListener     : Cannot set level:  for 'org.springframework'
2017-06-12 17:50:06.022  INFO 6796 --- [main] com.ehs.mihonline.MihBatchApplication    : Starting MihBatchApplication on DPH-HCQ-WYXCBY1 with PID 6796 (C:\Users\vsubramaniyan\Documents\workspace-sts-3.8.2.RELEASE\MIHBatch\target\classes started by vsubramaniyan in C:\Users\vsubramaniyan\Documents\workspace-sts-3.8.2.RELEASE\MIHBatch)
2017-06-12 17:50:06.022  INFO 6796 --- [main] com.ehs.mihonline.MihBatchApplication    : No active profile set, falling back to default profiles: default
2017-06-12 17:50:06.094  INFO 6796 --- [main] s.c.a.AnnotationConfigApplicationContext : Refreshing org.springframework.context.annotation.AnnotationConfigApplicationContext@568ff82: startup date [Mon Jun 12 17:50:06 EDT 2017]; root of context hierarchy
2017-06-12 17:50:07.825  INFO 6796 --- [main] com.zaxxer.hikari.HikariDataSource       : HikariPool-1 - Starting...
2017-06-12 17:50:08.274  INFO 6796 --- [main] com.zaxxer.hikari.pool.PoolBase          : HikariPool-1 - Driver does not support get/set network timeout for connections. (This operation is not supported.)
2017-06-12 17:50:08.350  INFO 6796 --- [main] com.zaxxer.hikari.HikariDataSource       : HikariPool-1 - Start completed.
2017-06-12 17:50:08.415  INFO 6796 --- [main] j.LocalContainerEntityManagerFactoryBean : Building JPA container EntityManagerFactory for persistence unit 'default'
2017-06-12 17:50:08.446  INFO 6796 --- [main] o.hibernate.jpa.internal.util.LogHelper  : HHH000204: Processing PersistenceUnitInfo [
	name: default
	...]
2017-06-12 17:50:08.552  INFO 6796 --- [main] org.hibernate.Version                    : HHH000412: Hibernate Core {5.2.10.Final}
2017-06-12 17:50:08.554  INFO 6796 --- [main] org.hibernate.cfg.Environment            : HHH000206: hibernate.properties not found
2017-06-12 17:50:08.628  INFO 6796 --- [main] o.hibernate.annotations.common.Version   : HCANN000001: Hibernate Commons Annotations {5.0.1.Final}
2017-06-12 17:50:08.857  INFO 6796 --- [main] org.hibernate.dialect.Dialect            : HHH000400: Using dialect: org.hibernate.dialect.SQLServer2012Dialect
2017-06-12 17:50:09.953  INFO 6796 --- [main] j.LocalContainerEntityManagerFactoryBean : Initialized JPA EntityManagerFactory for persistence unit 'default'
2017-06-12 17:50:11.085  INFO 6796 --- [main] o.s.j.e.a.AnnotationMBeanExporter        : Registering beans for JMX exposure on startup
2017-06-12 17:50:11.087  INFO 6796 --- [main] o.s.j.e.a.AnnotationMBeanExporter        : Bean with name 'dataSource' has been autodetected for JMX exposure
2017-06-12 17:50:11.096  INFO 6796 --- [main] o.s.j.e.a.AnnotationMBeanExporter        : Located MBean 'dataSource': registering with JMX server as MBean [com.zaxxer.hikari:name=dataSource,type=HikariDataSource]
2017-06-12 17:50:11.907  INFO 6796 --- [main] o.h.h.i.QueryTranslatorFactoryInitiator  : HHH000397: Using ASTQueryTranslatorFactory
2017-06-12 17:50:13.720  INFO 6796 --- [main] com.ehs.mihonline.MihBatchApplication    : Started MihBatchApplication in 8.276 seconds (JVM running for 8.932)
2017-06-12 17:50:13.721  INFO 6796 --- [Thread-4] s.c.a.AnnotationConfigApplicationContext : Closing org.springframework.context.annotation.AnnotationConfigApplicationContext@568ff82: startup date [Mon Jun 12 17:50:06 EDT 2017]; root of context hierarchy
2017-06-12 17:50:13.745  INFO 6796 --- [Thread-4] o.s.j.e.a.AnnotationMBeanExporter        : Unregistering JMX-exposed beans on shutdown
2017-06-12 17:50:13.745  INFO 6796 --- [Thread-4] o.s.j.e.a.AnnotationMBeanExporter        : Unregistering JMX-exposed beans
2017-06-12 17:50:13.745  INFO 6796 --- [Thread-4] j.LocalContainerEntityManagerFactoryBean : Closing JPA EntityManagerFactory for persistence unit 'default'
2017-06-12 17:50:13.755  INFO 6796 --- [Thread-4] com.zaxxer.hikari.HikariDataSource       : HikariPool-1 - Shutdown initiated...
2017-06-12 17:50:13.755  INFO 6796 --- [Thread-4] com.zaxxer.hikari.HikariDataSource       : HikariPool-1 - Shutdown completed.
2017-06-12 17:54:30.548 ERROR 7120 --- [main] o.s.b.c.l.LoggingApplicationListener     : Cannot set level:  for 'org.springframework'
2017-06-12 17:54:30.824  INFO 7120 --- [main] c.e.mihonline.MihBatchApplicationTests   : Starting MihBatchApplicationTests on DPH-HCQ-WYXCBY1 with PID 7120 (started by vsubramaniyan in C:\Users\vsubramaniyan\Documents\workspace-sts-3.8.2.RELEASE\MIHBatch)
2017-06-12 17:54:30.825  INFO 7120 --- [main] c.e.mihonline.MihBatchApplicationTests   : No active profile set, falling back to default profiles: default
2017-06-12 17:54:30.857  INFO 7120 --- [main] s.c.a.AnnotationConfigApplicationContext : Refreshing org.springframework.context.annotation.AnnotationConfigApplicationContext@5efa40fe: startup date [Mon Jun 12 17:54:30 EDT 2017]; root of context hierarchy
2017-06-12 17:54:32.750  INFO 7120 --- [main] com.zaxxer.hikari.HikariDataSource       : HikariPool-1 - Starting...
2017-06-12 17:54:33.355  INFO 7120 --- [main] com.zaxxer.hikari.pool.PoolBase          : HikariPool-1 - Driver does not support get/set network timeout for connections. (This operation is not supported.)
2017-06-12 17:54:33.425  INFO 7120 --- [main] com.zaxxer.hikari.HikariDataSource       : HikariPool-1 - Start completed.
2017-06-12 17:54:33.535  INFO 7120 --- [main] j.LocalContainerEntityManagerFactoryBean : Building JPA container EntityManagerFactory for persistence unit 'default'
2017-06-12 17:54:33.667  INFO 7120 --- [main] o.hibernate.jpa.internal.util.LogHelper  : HHH000204: Processing PersistenceUnitInfo [
	name: default
	...]
2017-06-12 17:54:33.899  INFO 7120 --- [main] org.hibernate.Version                    : HHH000412: Hibernate Core {5.2.10.Final}
2017-06-12 17:54:33.920  INFO 7120 --- [main] org.hibernate.cfg.Environment            : HHH000206: hibernate.properties not found
2017-06-12 17:54:34.000  INFO 7120 --- [main] o.hibernate.annotations.common.Version   : HCANN000001: Hibernate Commons Annotations {5.0.1.Final}
2017-06-12 17:54:34.282  INFO 7120 --- [main] org.hibernate.dialect.Dialect            : HHH000400: Using dialect: org.hibernate.dialect.SQLServer2012Dialect
2017-06-12 17:54:35.706  INFO 7120 --- [main] j.LocalContainerEntityManagerFactoryBean : Initialized JPA EntityManagerFactory for persistence unit 'default'
2017-06-12 17:54:38.122  INFO 7120 --- [main] o.h.h.i.QueryTranslatorFactoryInitiator  : HHH000397: Using ASTQueryTranslatorFactory
2017-06-12 17:54:40.130  INFO 7120 --- [main] c.e.mihonline.MihBatchApplicationTests   : Started MihBatchApplicationTests in 9.996 seconds (JVM running for 12.097)
2017-06-12 17:54:46.093  INFO 7120 --- [Thread-5] s.c.a.AnnotationConfigApplicationContext : Closing org.springframework.context.annotation.AnnotationConfigApplicationContext@5efa40fe: startup date [Mon Jun 12 17:54:30 EDT 2017]; root of context hierarchy
2017-06-12 17:54:46.104  INFO 7120 --- [Thread-5] j.LocalContainerEntityManagerFactoryBean : Closing JPA EntityManagerFactory for persistence unit 'default'
2017-06-12 17:54:46.106  INFO 7120 --- [Thread-5] com.zaxxer.hikari.HikariDataSource       : HikariPool-1 - Shutdown initiated...
2017-06-12 17:54:46.115  INFO 7120 --- [Thread-5] com.zaxxer.hikari.HikariDataSource       : HikariPool-1 - Shutdown completed.
